<?xml version="1.0" encoding="UTF-8"?>
<!-- Generated by org.testng.reporters.JUnitReportReporter -->
<testsuite name="guru99.gittest.AppTest" tests="1" time="0.103" ignored="0" failures="0" timestamp="25 Apr 2017 05:13:46 GMT" skipped="0" hostname="DESKTOP-BJB3FSN" errors="0">
  <testcase name="browserLaunch" time="0.103" classname="guru99.gittest.AppTest"/>
</testsuite> <!-- guru99.gittest.AppTest -->
